11:36:29 - [INFO] - =========================================
11:36:29 - [INFO] - Starting MyGantt Application...
11:36:29 - [INFO] - Initializing Data Model...
11:36:29 - [INFO] - Initializing Application Controller...
11:36:29 - [INFO] - Displaying Main Window...
11:36:29 - [INFO] - Launch sequence complete!
11:49:01 - [INFO] - =========================================
11:49:01 - [INFO] - Starting MyGantt Application...
11:49:01 - [INFO] - Initializing Data Model...
11:49:01 - [INFO] - Database schemas initialized successfully.
11:49:01 - [INFO] - Initializing Application Controller...
11:49:01 - [INFO] - Displaying Main Window...
11:49:02 - [INFO] - Launch sequence complete!
11:49:07 - [INFO] - Copying Excel file to local shadow copy...
11:49:07 - [INFO] - Reading Excel file into Pandas...
11:49:10 - [INFO] - Generating SMART_IDs...
11:49:13 - [INFO] - Excel parsing completed successfully.
11:49:13 - [INFO] - Database sync complete: 1414 raw workload rows inserted.
11:57:19 - [INFO] - =========================================
11:57:19 - [INFO] - Starting MyGantt Application...
11:57:19 - [INFO] - Initializing Data Model...
11:57:19 - [INFO] - Database schemas initialized successfully.
11:57:19 - [INFO] - Initializing Application Controller...
11:57:19 - [INFO] - Displaying Main Window...
11:57:20 - [INFO] - Launch sequence complete!
11:57:25 - [INFO] - Copying Excel file to local shadow copy...
11:57:25 - [INFO] - Reading Excel file into Pandas...
11:57:26 - [INFO] - Generating SMART_IDs...
11:57:29 - [INFO] - Excel parsing completed successfully.
11:57:29 - [INFO] - Database sync complete: 1414 raw workload rows inserted.
13:41:52 - [INFO] - =========================================
13:41:52 - [INFO] - Starting MyGantt Application...
13:41:52 - [INFO] - Initializing Data Model...
13:41:52 - [INFO] - Database schemas initialized successfully.
13:41:52 - [INFO] - Initializing Application Controller...
13:41:52 - [INFO] - Displaying Main Window...
13:41:53 - [INFO] - Launch sequence complete!
13:48:28 - [INFO] - =========================================
13:48:28 - [INFO] - Starting MyGantt Application...
13:48:28 - [INFO] - Initializing Data Model...
13:48:28 - [INFO] - Database schemas initialized successfully.
13:48:28 - [INFO] - Initializing Application Controller...
13:48:28 - [INFO] - Displaying Main Window...
13:48:29 - [INFO] - Launch sequence complete!
14:07:16 - [INFO] - =========================================
14:07:16 - [INFO] - Starting MyGantt Application...
14:07:16 - [INFO] - Initializing Data Model...
14:07:16 - [INFO] - Database schemas initialized successfully.
14:07:16 - [INFO] - Initializing Application Controller...
14:07:16 - [INFO] - Displaying Main Window...
14:07:16 - [INFO] - Launch sequence complete!
14:10:14 - [INFO] - =========================================
14:10:14 - [INFO] - Starting MyGantt Application...
14:10:14 - [INFO] - Initializing Data Model...
14:10:14 - [INFO] - Database schemas initialized successfully.
14:10:14 - [INFO] - Initializing Application Controller...
14:10:14 - [INFO] - Displaying Main Window...
14:10:14 - [INFO] - Launch sequence complete!
15:23:23 - [INFO] - =========================================
15:23:23 - [INFO] - Starting MyGantt Application...
15:23:23 - [INFO] - Initializing Data Model...
15:23:23 - [INFO] - Database schemas initialized successfully.
15:23:23 - [INFO] - Initializing Application Controller...
15:23:23 - [INFO] - Displaying Main Window...
15:23:23 - [INFO] - Launch sequence complete!
15:28:57 - [INFO] - =========================================
15:28:57 - [INFO] - Starting MyGantt Application...
15:28:57 - [INFO] - Initializing Data Model...
15:28:57 - [INFO] - Database schemas initialized successfully.
15:28:57 - [INFO] - Initializing Application Controller...
15:28:57 - [INFO] - Displaying Main Window...
15:28:57 - [INFO] - Launch sequence complete!
15:31:24 - [INFO] - =========================================
15:31:24 - [INFO] - Starting MyGantt Application...
15:31:24 - [INFO] - Initializing Data Model...
15:31:24 - [INFO] - Database schemas initialized successfully.
15:31:24 - [INFO] - Initializing Application Controller...
15:31:24 - [INFO] - Displaying Main Window...
15:31:24 - [INFO] - Launch sequence complete!
15:38:07 - [INFO] - =========================================
15:38:07 - [INFO] - Starting MyGantt Application...
15:38:07 - [INFO] - Initializing Data Model...
15:38:07 - [INFO] - Database schemas initialized successfully.
15:38:07 - [INFO] - Initializing Application Controller...
15:38:07 - [INFO] - Displaying Main Window...
15:38:07 - [INFO] - Launch sequence complete!
